Using pre-set license
Built from '2020.3/staging' branch; Version is '2020.3.20f1 (41c4e627c95f) revision 4310246'; Using compiler version '192528614'; Build Type 'Release'
OS: 'Windows 10 Home Single Language; OS build 19042.1288; Version 2009; 64bit' Language: 'en' Physical Memory: 8088 MB
BatchMode: 1, IsHumanControllingUs: 0, StartBugReporterOnCrash: 0, Is64bit: 1, IsPro: 0

COMMAND LINE ARGUMENTS:
C:\Program Files\Unity\Hub\Editor\2020.3.20f1\Editor\Unity.exe
-adb2
-batchMode
-noUpm
-name
AssetImportWorker0
-projectPath
D:/Low Poly Expo/LOWPOLY
-logFile
Logs/AssetImportWorker0.log
-srvPort
64387
Successfully changed project path to: D:/Low Poly Expo/LOWPOLY
D:/Low Poly Expo/LOWPOLY
Using Asset Import Pipeline V2.
Refreshing native plugins compatible for Editor in 165.72 ms, found 2 plugins.
Preloading 0 native plugins for Editor in 0.00 ms.
Initialize engine version: 2020.3.20f1 (41c4e627c95f)
[Subsystems] Discovering subsystems at path C:/Program Files/Unity/Hub/Editor/2020.3.20f1/Editor/Data/Resources/UnitySubsystems
[Subsystems] Discovering subsystems at path D:/Low Poly Expo/LOWPOLY/Assets
GfxDevice: creating device client; threaded=0
Direct3D:
    Version:  Direct3D 11.0 [level 11.1]
    Renderer: Intel(R) HD Graphics 520 (ID=0x1916)
    Vendor:   
    VRAM:     4044 MB
    Driver:   27.20.100.8477
Initialize mono
Mono path[0] = 'C:/Program Files/Unity/Hub/Editor/2020.3.20f1/Editor/Data/Managed'
Mono path[1] = 'C:/Program Files/Unity/Hub/Editor/2020.3.20f1/Editor/Data/MonoBleedingEdge/lib/mono/unityjit'
Mono config path = 'C:/Program Files/Unity/Hub/Editor/2020.3.20f1/Editor/Data/MonoBleedingEdge/etc'
Using monoOptions --debugger-agent=transport=dt_socket,embedding=1,server=y,suspend=n,address=127.0.0.1:56108
Begin MonoManager ReloadAssembly
Registering precompiled unity dll's ...
Register platform support module: C:/Program Files/Unity/Hub/Editor/2020.3.20f1/Editor/Data/PlaybackEngines/WebGLSupport/UnityEditor.WebGL.Extensions.dll
Register platform support module: C:/Program Files/Unity/Hub/Editor/2020.3.20f1/Editor/Data/PlaybackEngines/WindowsStandaloneSupport/UnityEditor.WindowsStandalone.Extensions.dll
Registered in 0.018976 seconds.
Native extension for WindowsStandalone target not found
Native extension for WebGL target not found
Refreshing native plugins compatible for Editor in 149.41 ms, found 2 plugins.
Preloading 0 native plugins for Editor in 0.00 ms.
Mono: successfully reloaded assembly
- Completed reload, in  7.424 seconds
Domain Reload Profiling:
	ReloadAssembly (7424ms)
		BeginReloadAssembly (208ms)
			ExecutionOrderSort (0ms)
			DisableScriptedObjects (0ms)
			BackupInstance (0ms)
			ReleaseScriptingObjects (0ms)
			CreateAndSetChildDomain (2ms)
		EndReloadAssembly (1578ms)
			LoadAssemblies (203ms)
			RebuildTransferFunctionScriptingTraits (0ms)
			SetupTypeCache (692ms)
			ReleaseScriptCaches (0ms)
			RebuildScriptCaches (110ms)
			SetupLoadedEditorAssemblies (529ms)
				LogAssemblyErrors (0ms)
				InitializePlatformSupportModulesInManaged (15ms)
				SetLoadedEditorAssemblies (0ms)
				RefreshPlugins (150ms)
				BeforeProcessingInitializeOnLoad (29ms)
				ProcessInitializeOnLoadAttributes (247ms)
				ProcessInitializeOnLoadMethodAttributes (87ms)
				AfterProcessingInitializeOnLoad (0ms)
				EditorAssembliesLoaded (0ms)
			ExecutionOrderSort2 (0ms)
			AwakeInstancesAfterBackupRestoration (0ms)
Platform modules already initialized, skipping
Registering precompiled user dll's ...
Registered in 0.007118 seconds.
Begin MonoManager ReloadAssembly
Native extension for WindowsStandalone target not found
Native extension for WebGL target not found
Refreshing native plugins compatible for Editor in 0.99 ms, found 2 plugins.
Preloading 0 native plugins for Editor in 0.00 ms.
Mono: successfully reloaded assembly
- Completed reload, in  4.118 seconds
Domain Reload Profiling:
	ReloadAssembly (4261ms)
		BeginReloadAssembly (631ms)
			ExecutionOrderSort (0ms)
			DisableScriptedObjects (16ms)
			BackupInstance (0ms)
			ReleaseScriptingObjects (0ms)
			CreateAndSetChildDomain (46ms)
		EndReloadAssembly (3366ms)
			LoadAssemblies (284ms)
			RebuildTransferFunctionScriptingTraits (0ms)
			SetupTypeCache (1059ms)
			ReleaseScriptCaches (1ms)
			RebuildScriptCaches (193ms)
			SetupLoadedEditorAssemblies (1400ms)
				LogAssemblyErrors (0ms)
				InitializePlatformSupportModulesInManaged (20ms)
				SetLoadedEditorAssemblies (2ms)
				RefreshPlugins (1ms)
				BeforeProcessingInitializeOnLoad (171ms)
				ProcessInitializeOnLoadAttributes (1140ms)
				ProcessInitializeOnLoadMethodAttributes (16ms)
				AfterProcessingInitializeOnLoad (47ms)
				EditorAssembliesLoaded (4ms)
			ExecutionOrderSort2 (0ms)
			AwakeInstancesAfterBackupRestoration (37ms)
Platform modules already initialized, skipping
========================================================================
Worker process is ready to serve import requests
Launched and connected shader compiler UnityShaderCompiler.exe after 0.31 seconds
Refreshing native plugins compatible for Editor in 1.02 ms, found 2 plugins.
Preloading 0 native plugins for Editor in 0.00 ms.
Unloading 1488 Unused Serialized files (Serialized files now loaded: 0)
System memory in use before: 81.9 MB.
System memory in use after: 82.0 MB.

Unloading 16 unused Assets to reduce memory usage. Loaded Objects now: 1947.
Total: 9.551200 ms (FindLiveObjects: 0.445600 ms CreateObjectMapping: 0.189400 ms MarkObjects: 8.728300 ms  DeleteObjects: 0.184600 ms)

AssetImportParameters requested are different than current active one (requested -> active):
  custom:framework-win-MediaFoundation: 216162199b28c13a410421893ffa2e32 -> 
  custom:video-decoder-ogg-theora: a1e56fd34408186e4bbccfd4996cb3dc -> 
  custom:container-muxer-webm: aa71ff27fc2769a1b78a27578f13a17b -> 
  custom:container-demuxer-webm: 4f35f7cbe854078d1ac9338744f61a02 -> 
  custom:container-demuxer-ogg: 62fdf1f143b41e24485cea50d1cbac27 -> 
  custom:video-encoder-webm-vp8: eb34c28f22e8b96e1ab97ce403110664 -> 
  custom:video-decoder-webm-vp8: 9c59270c3fd7afecdb556c50c9e8de78 -> 
  custom:audio-decoder-ogg-vorbis: bf7c407c2cedff20999df2af8eb42d56 -> 
  custom:audio-encoder-webm-vorbis: bf7c407c2cedff20999df2af8eb42d56 -> 
========================================================================
Received Import Request.
  path: Assets/Low Poly Warehouse
  artifactKey: Guid(87d2b2e017447584c9c186a52fe27e22) Importer(815301076,1909f56bfc062723c751e8b465ee728b)
Start importing Assets/Low Poly Warehouse using Guid(87d2b2e017447584c9c186a52fe27e22) Importer(815301076,1909f56bfc062723c751e8b465ee728b)  -> (artifact id: '79268967569f526f0e46852a18f37d3b') in 0.035410 seconds 
  Import took 0.046789 seconds .

========================================================================
Received Import Request.
  Time since last request: 0.000854 seconds.
  path: Assets/Scenes/SampleScene.unity
  artifactKey: Guid(9fc0d4010bbf28b4594072e72b8655ab) Importer(815301076,1909f56bfc062723c751e8b465ee728b)
Start importing Assets/Scenes/SampleScene.unity using Guid(9fc0d4010bbf28b4594072e72b8655ab) Importer(815301076,1909f56bfc062723c751e8b465ee728b)  -> (artifact id: 'd1a7dfa566760183ef14e1f1995a859c') in 0.051695 seconds 
  Import took 0.060421 seconds .

========================================================================
Received Import Request.
  Time since last request: 3.766218 seconds.
  path: Assets/Scenes/SampleScene
  artifactKey: Guid(f2167bf60bf2d9141bacc1a089b84d3b) Importer(815301076,1909f56bfc062723c751e8b465ee728b)
Start importing Assets/Scenes/SampleScene using Guid(f2167bf60bf2d9141bacc1a089b84d3b) Importer(815301076,1909f56bfc062723c751e8b465ee728b)  -> (artifact id: '648b52d261bdbb2c1698c292b1585dbe') in 0.023092 seconds 
  Import took 0.030868 seconds .

========================================================================
Received Import Request.
  Time since last request: 4.849231 seconds.
  path: Assets/Low Poly Warehouse/Prefab
  artifactKey: Guid(fca373c89eedfb74e9f484432cae7ee8) Importer(815301076,1909f56bfc062723c751e8b465ee728b)
Start importing Assets/Low Poly Warehouse/Prefab using Guid(fca373c89eedfb74e9f484432cae7ee8) Importer(815301076,1909f56bfc062723c751e8b465ee728b)  -> (artifact id: '38f3bc032b8990c447a9829a75dbfe90') in 0.023713 seconds 
  Import took 0.032862 seconds .

========================================================================
Received Import Request.
  Time since last request: 2.219114 seconds.
  path: Assets/Low Poly Warehouse/Models
  artifactKey: Guid(75488ac6945b8f54fbe9f53b17156d4a) Importer(815301076,1909f56bfc062723c751e8b465ee728b)
Start importing Assets/Low Poly Warehouse/Models using Guid(75488ac6945b8f54fbe9f53b17156d4a) Importer(815301076,1909f56bfc062723c751e8b465ee728b)  -> (artifact id: '07dcc29a8b52e259c8d0330282551017') in 0.006674 seconds 
  Import took 0.014711 seconds .

========================================================================
Received Import Request.
  Time since last request: 0.869243 seconds.
  path: Assets/Low Poly Warehouse/Models/Texture
  artifactKey: Guid(e9c4a33249a298744861c1cdc0a22bba) Importer(815301076,1909f56bfc062723c751e8b465ee728b)
Start importing Assets/Low Poly Warehouse/Models/Texture using Guid(e9c4a33249a298744861c1cdc0a22bba) Importer(815301076,1909f56bfc062723c751e8b465ee728b)  -> (artifact id: '0eaf4aa45f9e1b28abbd8bbf1da6ac0e') in 0.024168 seconds 
  Import took 0.031027 seconds .

========================================================================
Received Import Request.
  Time since last request: 2153.530880 seconds.
  path: Assets/3D LowPoly Asset/Booth
  artifactKey: Guid(d857f050f1c595d4aaa195a8c49e7407) Importer(815301076,1909f56bfc062723c751e8b465ee728b)
Start importing Assets/3D LowPoly Asset/Booth using Guid(d857f050f1c595d4aaa195a8c49e7407) Importer(815301076,1909f56bfc062723c751e8b465ee728b)  -> (artifact id: '5a65a7cc552cb6345784497a4a8cf9b0') in 0.021538 seconds 
  Import took 0.113008 seconds .

========================================================================
Received Import Request.
  Time since last request: 4.309133 seconds.
  path: Assets/3D LowPoly Asset/Booth/2-300x300.png
  artifactKey: Guid(7b5fe61009973284aa9247f33c025309) Importer(815301076,1909f56bfc062723c751e8b465ee728b)
Start importing Assets/3D LowPoly Asset/Booth/2-300x300.png using Guid(7b5fe61009973284aa9247f33c025309) Importer(815301076,1909f56bfc062723c751e8b465ee728b)  -> (artifact id: '5bc675f736141833dd3937d0f7cd3dfe') in 0.342146 seconds 
  Import took 0.349480 seconds .

========================================================================
Received Import Request.
  Time since last request: 22.687593 seconds.
  path: Assets/Scenes/Scene Booth 1.unity
  artifactKey: Guid(97ba7ead685c4374490f4abadf0d65d6) Importer(815301076,1909f56bfc062723c751e8b465ee728b)
Start importing Assets/Scenes/Scene Booth 1.unity using Guid(97ba7ead685c4374490f4abadf0d65d6) Importer(815301076,1909f56bfc062723c751e8b465ee728b)  -> (artifact id: 'a068a389c875f0091f6fc0ea34fcaecd') in 0.020330 seconds 
  Import took 0.061310 seconds .

========================================================================
Received Import Request.
  Time since last request: 18.653690 seconds.
  path: Assets/Scenes/Scene Booth.unity
  artifactKey: Guid(97ba7ead685c4374490f4abadf0d65d6) Importer(815301076,1909f56bfc062723c751e8b465ee728b)
Start importing Assets/Scenes/Scene Booth.unity using Guid(97ba7ead685c4374490f4abadf0d65d6) Importer(815301076,1909f56bfc062723c751e8b465ee728b)  -> (artifact id: '45a32d8f69af118ec3414817f41e97ec') in 0.015766 seconds 
  Import took 0.072158 seconds .

AssetImportWorkerClient::OnTransportError - code=2 error=End of file
