Using pre-set license
Built from '2020.3/staging' branch; Version is '2020.3.20f1 (41c4e627c95f) revision 4310246'; Using compiler version '192528614'; Build Type 'Release'
OS: 'Windows 10 Home Single Language; OS build 19042.1288; Version 2009; 64bit' Language: 'en' Physical Memory: 8088 MB
BatchMode: 1, IsHumanControllingUs: 0, StartBugReporterOnCrash: 0, Is64bit: 1, IsPro: 0

COMMAND LINE ARGUMENTS:
C:\Program Files\Unity\Hub\Editor\2020.3.20f1\Editor\Unity.exe
-adb2
-batchMode
-noUpm
-name
AssetImportWorker3
-projectPath
D:/Low Poly Expo/LOWPOLY
-logFile
Logs/AssetImportWorker3.log
-srvPort
53374
Successfully changed project path to: D:/Low Poly Expo/LOWPOLY
D:/Low Poly Expo/LOWPOLY
Using Asset Import Pipeline V2.
Refreshing native plugins compatible for Editor in 129.53 ms, found 2 plugins.
Preloading 0 native plugins for Editor in 0.00 ms.
Initialize engine version: 2020.3.20f1 (41c4e627c95f)
[Subsystems] Discovering subsystems at path C:/Program Files/Unity/Hub/Editor/2020.3.20f1/Editor/Data/Resources/UnitySubsystems
[Subsystems] Discovering subsystems at path D:/Low Poly Expo/LOWPOLY/Assets
GfxDevice: creating device client; threaded=0
Direct3D:
    Version:  Direct3D 11.0 [level 11.1]
    Renderer: Intel(R) HD Graphics 520 (ID=0x1916)
    Vendor:   
    VRAM:     4044 MB
    Driver:   27.20.100.8477
Initialize mono
Mono path[0] = 'C:/Program Files/Unity/Hub/Editor/2020.3.20f1/Editor/Data/Managed'
Mono path[1] = 'C:/Program Files/Unity/Hub/Editor/2020.3.20f1/Editor/Data/MonoBleedingEdge/lib/mono/unityjit'
Mono config path = 'C:/Program Files/Unity/Hub/Editor/2020.3.20f1/Editor/Data/MonoBleedingEdge/etc'
Using monoOptions --debugger-agent=transport=dt_socket,embedding=1,server=y,suspend=n,address=127.0.0.1:56908
Begin MonoManager ReloadAssembly
Registering precompiled unity dll's ...
Register platform support module: C:/Program Files/Unity/Hub/Editor/2020.3.20f1/Editor/Data/PlaybackEngines/WebGLSupport/UnityEditor.WebGL.Extensions.dll
Register platform support module: C:/Program Files/Unity/Hub/Editor/2020.3.20f1/Editor/Data/PlaybackEngines/WindowsStandaloneSupport/UnityEditor.WindowsStandalone.Extensions.dll
Registered in 0.012637 seconds.
Native extension for WindowsStandalone target not found
Native extension for WebGL target not found
Refreshing native plugins compatible for Editor in 156.43 ms, found 2 plugins.
Preloading 0 native plugins for Editor in 0.00 ms.
Mono: successfully reloaded assembly
- Completed reload, in  8.175 seconds
Domain Reload Profiling:
	ReloadAssembly (8176ms)
		BeginReloadAssembly (215ms)
			ExecutionOrderSort (0ms)
			DisableScriptedObjects (0ms)
			BackupInstance (0ms)
			ReleaseScriptingObjects (0ms)
			CreateAndSetChildDomain (2ms)
		EndReloadAssembly (2167ms)
			LoadAssemblies (214ms)
			RebuildTransferFunctionScriptingTraits (0ms)
			SetupTypeCache (913ms)
			ReleaseScriptCaches (0ms)
			RebuildScriptCaches (119ms)
			SetupLoadedEditorAssemblies (895ms)
				LogAssemblyErrors (0ms)
				InitializePlatformSupportModulesInManaged (12ms)
				SetLoadedEditorAssemblies (2ms)
				RefreshPlugins (157ms)
				BeforeProcessingInitializeOnLoad (50ms)
				ProcessInitializeOnLoadAttributes (491ms)
				ProcessInitializeOnLoadMethodAttributes (180ms)
				AfterProcessingInitializeOnLoad (0ms)
				EditorAssembliesLoaded (4ms)
			ExecutionOrderSort2 (0ms)
			AwakeInstancesAfterBackupRestoration (0ms)
Platform modules already initialized, skipping
Registering precompiled user dll's ...
Registered in 0.010209 seconds.
Begin MonoManager ReloadAssembly
Native extension for WindowsStandalone target not found
Native extension for WebGL target not found
Refreshing native plugins compatible for Editor in 0.90 ms, found 2 plugins.
Preloading 0 native plugins for Editor in 0.00 ms.
Mono: successfully reloaded assembly
- Completed reload, in  3.695 seconds
Domain Reload Profiling:
	ReloadAssembly (3697ms)
		BeginReloadAssembly (551ms)
			ExecutionOrderSort (0ms)
			DisableScriptedObjects (20ms)
			BackupInstance (0ms)
			ReleaseScriptingObjects (0ms)
			CreateAndSetChildDomain (54ms)
		EndReloadAssembly (2932ms)
			LoadAssemblies (316ms)
			RebuildTransferFunctionScriptingTraits (0ms)
			SetupTypeCache (1012ms)
			ReleaseScriptCaches (1ms)
			RebuildScriptCaches (185ms)
			SetupLoadedEditorAssemblies (1069ms)
				LogAssemblyErrors (0ms)
				InitializePlatformSupportModulesInManaged (23ms)
				SetLoadedEditorAssemblies (5ms)
				RefreshPlugins (1ms)
				BeforeProcessingInitializeOnLoad (210ms)
				ProcessInitializeOnLoadAttributes (795ms)
				ProcessInitializeOnLoadMethodAttributes (12ms)
				AfterProcessingInitializeOnLoad (21ms)
				EditorAssembliesLoaded (1ms)
			ExecutionOrderSort2 (0ms)
			AwakeInstancesAfterBackupRestoration (20ms)
Platform modules already initialized, skipping
========================================================================
Worker process is ready to serve import requests
Launched and connected shader compiler UnityShaderCompiler.exe after 0.47 seconds
Refreshing native plugins compatible for Editor in 0.82 ms, found 2 plugins.
Preloading 0 native plugins for Editor in 0.00 ms.
Unloading 1488 Unused Serialized files (Serialized files now loaded: 0)
System memory in use before: 81.9 MB.
System memory in use after: 81.9 MB.

Unloading 16 unused Assets to reduce memory usage. Loaded Objects now: 1947.
Total: 6.641200 ms (FindLiveObjects: 0.474600 ms CreateObjectMapping: 0.162400 ms MarkObjects: 5.794400 ms  DeleteObjects: 0.206800 ms)

AssetImportParameters requested are different than current active one (requested -> active):
  custom:framework-win-MediaFoundation: 216162199b28c13a410421893ffa2e32 -> 
  custom:video-decoder-ogg-theora: a1e56fd34408186e4bbccfd4996cb3dc -> 
  custom:container-muxer-webm: aa71ff27fc2769a1b78a27578f13a17b -> 
  custom:container-demuxer-webm: 4f35f7cbe854078d1ac9338744f61a02 -> 
  custom:container-demuxer-ogg: 62fdf1f143b41e24485cea50d1cbac27 -> 
  custom:video-encoder-webm-vp8: eb34c28f22e8b96e1ab97ce403110664 -> 
  custom:video-decoder-webm-vp8: 9c59270c3fd7afecdb556c50c9e8de78 -> 
  custom:audio-decoder-ogg-vorbis: bf7c407c2cedff20999df2af8eb42d56 -> 
  custom:audio-encoder-webm-vorbis: bf7c407c2cedff20999df2af8eb42d56 -> 
========================================================================
Received Import Request.
  path: Assets/3D LowPoly Asset/Booth
  artifactKey: Guid(b4cfbf428c1489146977e373c912393b) Importer(815301076,1909f56bfc062723c751e8b465ee728b)
Start importing Assets/3D LowPoly Asset/Booth using Guid(b4cfbf428c1489146977e373c912393b) Importer(815301076,1909f56bfc062723c751e8b465ee728b)  -> (artifact id: '4fbc3aa491ceda2e1cf78a8fe3153efa') in 0.030183 seconds 
  Import took 0.036175 seconds .

========================================================================
Received Prepare
Registering precompiled user dll's ...
Registered in 0.007480 seconds.
Begin MonoManager ReloadAssembly
Native extension for WindowsStandalone target not found
Native extension for WebGL target not found
Refreshing native plugins compatible for Editor in 3.82 ms, found 2 plugins.
Preloading 0 native plugins for Editor in 0.00 ms.
Mono: successfully reloaded assembly
- Completed reload, in  5.163 seconds
Domain Reload Profiling:
	ReloadAssembly (5164ms)
		BeginReloadAssembly (500ms)
			ExecutionOrderSort (0ms)
			DisableScriptedObjects (14ms)
			BackupInstance (0ms)
			ReleaseScriptingObjects (0ms)
			CreateAndSetChildDomain (141ms)
		EndReloadAssembly (4144ms)
			LoadAssemblies (490ms)
			RebuildTransferFunctionScriptingTraits (0ms)
			SetupTypeCache (1706ms)
			ReleaseScriptCaches (2ms)
			RebuildScriptCaches (135ms)
			SetupLoadedEditorAssemblies (1193ms)
				LogAssemblyErrors (0ms)
				InitializePlatformSupportModulesInManaged (23ms)
				SetLoadedEditorAssemblies (2ms)
				RefreshPlugins (4ms)
				BeforeProcessingInitializeOnLoad (178ms)
				ProcessInitializeOnLoadAttributes (942ms)
				ProcessInitializeOnLoadMethodAttributes (11ms)
				AfterProcessingInitializeOnLoad (31ms)
				EditorAssembliesLoaded (1ms)
			ExecutionOrderSort2 (0ms)
			AwakeInstancesAfterBackupRestoration (30ms)
Platform modules already initialized, skipping
Refreshing native plugins compatible for Editor in 0.81 ms, found 2 plugins.
Preloading 0 native plugins for Editor in 0.00 ms.
Unloading 1480 Unused Serialized files (Serialized files now loaded: 0)
System memory in use before: 81.5 MB.
System memory in use after: 81.6 MB.

Unloading 11 unused Assets to reduce memory usage. Loaded Objects now: 1949.
Total: 5.120800 ms (FindLiveObjects: 0.235600 ms CreateObjectMapping: 0.090100 ms MarkObjects: 4.761800 ms  DeleteObjects: 0.030700 ms)

AssetImportParameters requested are different than current active one (requested -> active):
  custom:framework-win-MediaFoundation: 216162199b28c13a410421893ffa2e32 -> 
  custom:video-decoder-ogg-theora: a1e56fd34408186e4bbccfd4996cb3dc -> 
  custom:container-muxer-webm: aa71ff27fc2769a1b78a27578f13a17b -> 
  custom:container-demuxer-webm: 4f35f7cbe854078d1ac9338744f61a02 -> 
  custom:container-demuxer-ogg: 62fdf1f143b41e24485cea50d1cbac27 -> 
  custom:video-encoder-webm-vp8: eb34c28f22e8b96e1ab97ce403110664 -> 
  custom:video-decoder-webm-vp8: 9c59270c3fd7afecdb556c50c9e8de78 -> 
  custom:audio-decoder-ogg-vorbis: bf7c407c2cedff20999df2af8eb42d56 -> 
  custom:audio-encoder-webm-vorbis: bf7c407c2cedff20999df2af8eb42d56 -> 
========================================================================
Received Prepare
Registering precompiled user dll's ...
Registered in 0.013161 seconds.
Begin MonoManager ReloadAssembly
Native extension for WindowsStandalone target not found
Native extension for WebGL target not found
Refreshing native plugins compatible for Editor in 1.21 ms, found 2 plugins.
Preloading 0 native plugins for Editor in 0.00 ms.
Mono: successfully reloaded assembly
- Completed reload, in  4.194 seconds
Domain Reload Profiling:
	ReloadAssembly (4198ms)
		BeginReloadAssembly (533ms)
			ExecutionOrderSort (0ms)
			DisableScriptedObjects (21ms)
			BackupInstance (0ms)
			ReleaseScriptingObjects (0ms)
			CreateAndSetChildDomain (123ms)
		EndReloadAssembly (3354ms)
			LoadAssemblies (613ms)
			RebuildTransferFunctionScriptingTraits (0ms)
			SetupTypeCache (1349ms)
			ReleaseScriptCaches (3ms)
			RebuildScriptCaches (171ms)
			SetupLoadedEditorAssemblies (985ms)
				LogAssemblyErrors (0ms)
				InitializePlatformSupportModulesInManaged (17ms)
				SetLoadedEditorAssemblies (2ms)
				RefreshPlugins (1ms)
				BeforeProcessingInitializeOnLoad (172ms)
				ProcessInitializeOnLoadAttributes (762ms)
				ProcessInitializeOnLoadMethodAttributes (9ms)
				AfterProcessingInitializeOnLoad (21ms)
				EditorAssembliesLoaded (1ms)
			ExecutionOrderSort2 (0ms)
			AwakeInstancesAfterBackupRestoration (20ms)
Platform modules already initialized, skipping
Refreshing native plugins compatible for Editor in 0.88 ms, found 2 plugins.
Preloading 0 native plugins for Editor in 0.00 ms.
Unloading 1480 Unused Serialized files (Serialized files now loaded: 0)
System memory in use before: 81.5 MB.
System memory in use after: 81.6 MB.

Unloading 11 unused Assets to reduce memory usage. Loaded Objects now: 1951.
Total: 7.049100 ms (FindLiveObjects: 0.367900 ms CreateObjectMapping: 0.309700 ms MarkObjects: 6.330300 ms  DeleteObjects: 0.037500 ms)

AssetImportParameters requested are different than current active one (requested -> active):
  custom:framework-win-MediaFoundation: 216162199b28c13a410421893ffa2e32 -> 
  custom:video-decoder-ogg-theora: a1e56fd34408186e4bbccfd4996cb3dc -> 
  custom:container-muxer-webm: aa71ff27fc2769a1b78a27578f13a17b -> 
  custom:container-demuxer-webm: 4f35f7cbe854078d1ac9338744f61a02 -> 
  custom:container-demuxer-ogg: 62fdf1f143b41e24485cea50d1cbac27 -> 
  custom:video-encoder-webm-vp8: eb34c28f22e8b96e1ab97ce403110664 -> 
  custom:video-decoder-webm-vp8: 9c59270c3fd7afecdb556c50c9e8de78 -> 
  custom:audio-decoder-ogg-vorbis: bf7c407c2cedff20999df2af8eb42d56 -> 
  custom:audio-encoder-webm-vorbis: bf7c407c2cedff20999df2af8eb42d56 -> 
========================================================================
Received Prepare
Registering precompiled user dll's ...
Registered in 0.011155 seconds.
Begin MonoManager ReloadAssembly
Native extension for WindowsStandalone target not found
Native extension for WebGL target not found
Refreshing native plugins compatible for Editor in 1.30 ms, found 2 plugins.
Preloading 0 native plugins for Editor in 0.00 ms.
Mono: successfully reloaded assembly
- Completed reload, in  2.927 seconds
Domain Reload Profiling:
	ReloadAssembly (2928ms)
		BeginReloadAssembly (317ms)
			ExecutionOrderSort (0ms)
			DisableScriptedObjects (22ms)
			BackupInstance (0ms)
			ReleaseScriptingObjects (0ms)
			CreateAndSetChildDomain (84ms)
		EndReloadAssembly (2397ms)
			LoadAssemblies (269ms)
			RebuildTransferFunctionScriptingTraits (0ms)
			SetupTypeCache (895ms)
			ReleaseScriptCaches (1ms)
			RebuildScriptCaches (111ms)
			SetupLoadedEditorAssemblies (822ms)
				LogAssemblyErrors (0ms)
				InitializePlatformSupportModulesInManaged (16ms)
				SetLoadedEditorAssemblies (2ms)
				RefreshPlugins (1ms)
				BeforeProcessingInitializeOnLoad (143ms)
				ProcessInitializeOnLoadAttributes (634ms)
				ProcessInitializeOnLoadMethodAttributes (8ms)
				AfterProcessingInitializeOnLoad (17ms)
				EditorAssembliesLoaded (1ms)
			ExecutionOrderSort2 (0ms)
			AwakeInstancesAfterBackupRestoration (24ms)
Platform modules already initialized, skipping
Refreshing native plugins compatible for Editor in 0.92 ms, found 2 plugins.
Preloading 0 native plugins for Editor in 0.00 ms.
Unloading 1480 Unused Serialized files (Serialized files now loaded: 0)
System memory in use before: 81.5 MB.
System memory in use after: 81.6 MB.

Unloading 11 unused Assets to reduce memory usage. Loaded Objects now: 1953.
Total: 5.478100 ms (FindLiveObjects: 0.208900 ms CreateObjectMapping: 0.071700 ms MarkObjects: 5.137500 ms  DeleteObjects: 0.057100 ms)

AssetImportParameters requested are different than current active one (requested -> active):
  custom:framework-win-MediaFoundation: 216162199b28c13a410421893ffa2e32 -> 
  custom:video-decoder-ogg-theora: a1e56fd34408186e4bbccfd4996cb3dc -> 
  custom:container-muxer-webm: aa71ff27fc2769a1b78a27578f13a17b -> 
  custom:container-demuxer-webm: 4f35f7cbe854078d1ac9338744f61a02 -> 
  custom:container-demuxer-ogg: 62fdf1f143b41e24485cea50d1cbac27 -> 
  custom:video-encoder-webm-vp8: eb34c28f22e8b96e1ab97ce403110664 -> 
  custom:video-decoder-webm-vp8: 9c59270c3fd7afecdb556c50c9e8de78 -> 
  custom:audio-decoder-ogg-vorbis: bf7c407c2cedff20999df2af8eb42d56 -> 
  custom:audio-encoder-webm-vorbis: bf7c407c2cedff20999df2af8eb42d56 -> 
========================================================================
Received Import Request.
  Time since last request: 823.236681 seconds.
  path: Assets/3D LowPoly Asset/Booth/New Lighting Settings.lighting
  artifactKey: Guid(64983961257795f488af2950e09acfe6) Importer(815301076,1909f56bfc062723c751e8b465ee728b)
Start importing Assets/3D LowPoly Asset/Booth/New Lighting Settings.lighting using Guid(64983961257795f488af2950e09acfe6) Importer(815301076,1909f56bfc062723c751e8b465ee728b)  -> (artifact id: '121c3a058f9c373bef70029776dba891') in 0.111229 seconds 
  Import took 0.117541 seconds .

========================================================================
Received Prepare
Registering precompiled user dll's ...
Registered in 0.005843 seconds.
Begin MonoManager ReloadAssembly
Native extension for WindowsStandalone target not found
Native extension for WebGL target not found
Refreshing native plugins compatible for Editor in 0.99 ms, found 2 plugins.
Preloading 0 native plugins for Editor in 0.00 ms.
Mono: successfully reloaded assembly
- Completed reload, in  3.401 seconds
Domain Reload Profiling:
	ReloadAssembly (3402ms)
		BeginReloadAssembly (339ms)
			ExecutionOrderSort (0ms)
			DisableScriptedObjects (16ms)
			BackupInstance (0ms)
			ReleaseScriptingObjects (0ms)
			CreateAndSetChildDomain (86ms)
		EndReloadAssembly (2853ms)
			LoadAssemblies (304ms)
			RebuildTransferFunctionScriptingTraits (0ms)
			SetupTypeCache (976ms)
			ReleaseScriptCaches (2ms)
			RebuildScriptCaches (148ms)
			SetupLoadedEditorAssemblies (1113ms)
				LogAssemblyErrors (0ms)
				InitializePlatformSupportModulesInManaged (20ms)
				SetLoadedEditorAssemblies (2ms)
				RefreshPlugins (1ms)
				BeforeProcessingInitializeOnLoad (160ms)
				ProcessInitializeOnLoadAttributes (896ms)
				ProcessInitializeOnLoadMethodAttributes (8ms)
				AfterProcessingInitializeOnLoad (25ms)
				EditorAssembliesLoaded (1ms)
			ExecutionOrderSort2 (0ms)
			AwakeInstancesAfterBackupRestoration (25ms)
Platform modules already initialized, skipping
Refreshing native plugins compatible for Editor in 1.00 ms, found 2 plugins.
Preloading 0 native plugins for Editor in 0.00 ms.
Unloading 1480 Unused Serialized files (Serialized files now loaded: 0)
System memory in use before: 81.5 MB.
System memory in use after: 81.7 MB.

Unloading 11 unused Assets to reduce memory usage. Loaded Objects now: 1955.
Total: 15.965100 ms (FindLiveObjects: 0.417200 ms CreateObjectMapping: 0.288600 ms MarkObjects: 15.214100 ms  DeleteObjects: 0.039400 ms)

AssetImportParameters requested are different than current active one (requested -> active):
  custom:framework-win-MediaFoundation: 216162199b28c13a410421893ffa2e32 -> 
  custom:video-decoder-ogg-theora: a1e56fd34408186e4bbccfd4996cb3dc -> 
  custom:container-muxer-webm: aa71ff27fc2769a1b78a27578f13a17b -> 
  custom:container-demuxer-webm: 4f35f7cbe854078d1ac9338744f61a02 -> 
  custom:container-demuxer-ogg: 62fdf1f143b41e24485cea50d1cbac27 -> 
  custom:video-encoder-webm-vp8: eb34c28f22e8b96e1ab97ce403110664 -> 
  custom:video-decoder-webm-vp8: 9c59270c3fd7afecdb556c50c9e8de78 -> 
  custom:audio-decoder-ogg-vorbis: bf7c407c2cedff20999df2af8eb42d56 -> 
  custom:audio-encoder-webm-vorbis: bf7c407c2cedff20999df2af8eb42d56 -> 
========================================================================
Received Import Request.
  Time since last request: 522.207788 seconds.
  path: Assets/3D LowPoly Asset/Booth/Vascia Name 1.fbx
  artifactKey: Guid(019786d99f9d2d54880584f9b9f7d668) Importer(815301076,1909f56bfc062723c751e8b465ee728b)
Start importing Assets/3D LowPoly Asset/Booth/Vascia Name 1.fbx using Guid(019786d99f9d2d54880584f9b9f7d668) Importer(815301076,1909f56bfc062723c751e8b465ee728b)  -> (artifact id: '612f1bdd4c6a82e1da5aa14f10c615cb') in 2.686619 seconds 
  Import took 2.696541 seconds .

========================================================================
Received Import Request.
  Time since last request: 155.894409 seconds.
  path: Assets/3D LowPoly Asset/Booth/Vascia Name 2.fbx
  artifactKey: Guid(474a6df2f8ae4924b8960b46c5ebe26f) Importer(815301076,1909f56bfc062723c751e8b465ee728b)
Start importing Assets/3D LowPoly Asset/Booth/Vascia Name 2.fbx using Guid(474a6df2f8ae4924b8960b46c5ebe26f) Importer(815301076,1909f56bfc062723c751e8b465ee728b)  -> (artifact id: '3b40b7bf4680f5590965404a81cd8d7b') in 0.221854 seconds 
  Import took 0.241775 seconds .

========================================================================
Received Import Request.
  Time since last request: 3228.165249 seconds.
  path: Assets/3D LowPoly Asset/Booth/Vascia Name.fbx
  artifactKey: Guid(b10bd8c9bc2fddd4e82953192881e0f3) Importer(815301076,1909f56bfc062723c751e8b465ee728b)
Start importing Assets/3D LowPoly Asset/Booth/Vascia Name.fbx using Guid(b10bd8c9bc2fddd4e82953192881e0f3) Importer(815301076,1909f56bfc062723c751e8b465ee728b)  -> (artifact id: '6b43467899d079f967615e20b5044f33') in 0.324892 seconds 
  Import took 0.332511 seconds .

========================================================================
Received Import Request.
  Time since last request: 177.924937 seconds.
  path: Assets/Low Poly Warehouse
  artifactKey: Guid(56d79aa39fc2fc74d9dab019c35c30fe) Importer(815301076,1909f56bfc062723c751e8b465ee728b)
Start importing Assets/Low Poly Warehouse using Guid(56d79aa39fc2fc74d9dab019c35c30fe) Importer(815301076,1909f56bfc062723c751e8b465ee728b)  -> (artifact id: '5dd469bf7df22216b041182e78cc460e') in 0.020583 seconds 
  Import took 0.026170 seconds .

========================================================================
Received Import Request.
  Time since last request: 1.288871 seconds.
  path: Assets/Low Poly Warehouse/Prefab
  artifactKey: Guid(0b8fb2cba4d411b42be71ac3375f3088) Importer(815301076,1909f56bfc062723c751e8b465ee728b)
Start importing Assets/Low Poly Warehouse/Prefab using Guid(0b8fb2cba4d411b42be71ac3375f3088) Importer(815301076,1909f56bfc062723c751e8b465ee728b)  -> (artifact id: 'c1a58a48a18eb973058fa054f433ff0d') in 0.028350 seconds 
  Import took 0.035132 seconds .

========================================================================
Received Import Request.
  Time since last request: 2.903672 seconds.
  path: Assets/Low Poly Warehouse/Prefab/Cardboard_wood_pallet_01.prefab
  artifactKey: Guid(e1fc2253ff4c6c24dab5b73d709fed0b) Importer(815301076,1909f56bfc062723c751e8b465ee728b)
Start importing Assets/Low Poly Warehouse/Prefab/Cardboard_wood_pallet_01.prefab using Guid(e1fc2253ff4c6c24dab5b73d709fed0b) Importer(815301076,1909f56bfc062723c751e8b465ee728b)  -> (artifact id: 'd7ffd6ccad6a1a7c4ca5610f2a69358b') in 0.074504 seconds 
  Import took 0.079997 seconds .

========================================================================
Received Import Request.
  Time since last request: 0.000113 seconds.
  path: Assets/Low Poly Warehouse/Prefab/Truck_delivery.prefab
  artifactKey: Guid(abde2af5de5036d49a100f5b86d7d8cf) Importer(815301076,1909f56bfc062723c751e8b465ee728b)
Start importing Assets/Low Poly Warehouse/Prefab/Truck_delivery.prefab using Guid(abde2af5de5036d49a100f5b86d7d8cf) Importer(815301076,1909f56bfc062723c751e8b465ee728b)  -> (artifact id: '798f3be2b08bc901c2339e4f230892e7') in 0.050464 seconds 
  Import took 0.058459 seconds .

========================================================================
Received Import Request.
  Time since last request: 0.000385 seconds.
  path: Assets/Low Poly Warehouse/Prefab/warehouse_building_03.prefab
  artifactKey: Guid(82294653d2a78254099a3a81cf1fc71f) Importer(815301076,1909f56bfc062723c751e8b465ee728b)
Start importing Assets/Low Poly Warehouse/Prefab/warehouse_building_03.prefab using Guid(82294653d2a78254099a3a81cf1fc71f) Importer(815301076,1909f56bfc062723c751e8b465ee728b)  -> (artifact id: '7d14a720b3a4beb780f4835b31f64692') in 0.132236 seconds 
  Import took 0.139226 seconds .

========================================================================
Received Import Request.
  Time since last request: 0.000539 seconds.
  path: Assets/Low Poly Warehouse/Prefab/Forklifts.prefab
  artifactKey: Guid(a624cf3d872877b4aa99d67206af79d2) Importer(815301076,1909f56bfc062723c751e8b465ee728b)
Start importing Assets/Low Poly Warehouse/Prefab/Forklifts.prefab using Guid(a624cf3d872877b4aa99d67206af79d2) Importer(815301076,1909f56bfc062723c751e8b465ee728b)  -> (artifact id: '0e31ed2fd506842ad735483d107ef7ac') in 0.054616 seconds 
  Import took 0.061378 seconds .

========================================================================
Received Import Request.
  Time since last request: 0.000447 seconds.
  path: Assets/Low Poly Warehouse/Prefab/Goods_shelves.prefab
  artifactKey: Guid(69def3f8a09fddf4c9c4a81ee0df8c69) Importer(815301076,1909f56bfc062723c751e8b465ee728b)
Start importing Assets/Low Poly Warehouse/Prefab/Goods_shelves.prefab using Guid(69def3f8a09fddf4c9c4a81ee0df8c69) Importer(815301076,1909f56bfc062723c751e8b465ee728b)  -> (artifact id: 'b62b827ba9cbcd317ff8ceaf56077ecd') in 0.081830 seconds 
  Import took 0.088746 seconds .

========================================================================
Received Import Request.
  Time since last request: 0.000393 seconds.
  path: Assets/Low Poly Warehouse/Prefab/warehouse_building_01.prefab
  artifactKey: Guid(d7b42e43464973846b4793828e6f1070) Importer(815301076,1909f56bfc062723c751e8b465ee728b)
Start importing Assets/Low Poly Warehouse/Prefab/warehouse_building_01.prefab using Guid(d7b42e43464973846b4793828e6f1070) Importer(815301076,1909f56bfc062723c751e8b465ee728b)  -> (artifact id: 'df0ebc42ae5e40a9a9d18be20296b7c7') in 0.088785 seconds 
  Import took 0.098479 seconds .

========================================================================
Received Import Request.
  Time since last request: 0.000507 seconds.
  path: Assets/Low Poly Warehouse/Prefab/Hand_pallet_truck.prefab
  artifactKey: Guid(e3cbc14642e9854469523610f67077bb) Importer(815301076,1909f56bfc062723c751e8b465ee728b)
Start importing Assets/Low Poly Warehouse/Prefab/Hand_pallet_truck.prefab using Guid(e3cbc14642e9854469523610f67077bb) Importer(815301076,1909f56bfc062723c751e8b465ee728b)  -> (artifact id: '1f276e56c5479b198a7861af8b96063e') in 0.053408 seconds 
  Import took 0.061672 seconds .

========================================================================
Received Import Request.
  Time since last request: 0.000571 seconds.
  path: Assets/Low Poly Warehouse/Prefab/Truck.prefab
  artifactKey: Guid(810c3c5389dc58b42aa385948f26d274) Importer(815301076,1909f56bfc062723c751e8b465ee728b)
Start importing Assets/Low Poly Warehouse/Prefab/Truck.prefab using Guid(810c3c5389dc58b42aa385948f26d274) Importer(815301076,1909f56bfc062723c751e8b465ee728b)  -> (artifact id: 'f60a366040d4643b6aa5877e568b3716') in 0.081200 seconds 
  Import took 0.087269 seconds .

========================================================================
Received Import Request.
  Time since last request: 0.000342 seconds.
  path: Assets/Low Poly Warehouse/Prefab/Truck_open.prefab
  artifactKey: Guid(81f9cf4a027474d4ab8ee381ac33cdb8) Importer(815301076,1909f56bfc062723c751e8b465ee728b)
Start importing Assets/Low Poly Warehouse/Prefab/Truck_open.prefab using Guid(81f9cf4a027474d4ab8ee381ac33cdb8) Importer(815301076,1909f56bfc062723c751e8b465ee728b)  -> (artifact id: '053275dfed7d1ea64374c00ac7d8cf90') in 0.110886 seconds 
  Import took 0.123285 seconds .

========================================================================
Received Import Request.
  Time since last request: 0.000140 seconds.
  path: Assets/Low Poly Warehouse/Prefab/warehouse_building_02.prefab
  artifactKey: Guid(8836b3f9770ad2f45bba75c8ea557aa1) Importer(815301076,1909f56bfc062723c751e8b465ee728b)
Start importing Assets/Low Poly Warehouse/Prefab/warehouse_building_02.prefab using Guid(8836b3f9770ad2f45bba75c8ea557aa1) Importer(815301076,1909f56bfc062723c751e8b465ee728b)  -> (artifact id: '9016dc8809cedb3f3f537f04d6157e06') in 0.103875 seconds 
  Import took 0.112909 seconds .

========================================================================
Received Import Request.
  Time since last request: 0.000378 seconds.
  path: Assets/Low Poly Warehouse/Prefab/Cardboard_wood_pallet_02.prefab
  artifactKey: Guid(050a7d9abb908ee44a1c0459859a6df7) Importer(815301076,1909f56bfc062723c751e8b465ee728b)
Start importing Assets/Low Poly Warehouse/Prefab/Cardboard_wood_pallet_02.prefab using Guid(050a7d9abb908ee44a1c0459859a6df7) Importer(815301076,1909f56bfc062723c751e8b465ee728b)  -> (artifact id: '30cc13377736f0347c2dd7e28b2cad49') in 0.047521 seconds 
  Import took 0.056147 seconds .

========================================================================
Received Import Request.
  Time since last request: 287.514992 seconds.
  path: Assets/3D LowPoly Asset/Booth/Low Poly Beach Booth 1.2.fbx
  artifactKey: Guid(2a9e4900d8d481c429ac941998c699df) Importer(815301076,1909f56bfc062723c751e8b465ee728b)
Start importing Assets/3D LowPoly Asset/Booth/Low Poly Beach Booth 1.2.fbx using Guid(2a9e4900d8d481c429ac941998c699df) Importer(815301076,1909f56bfc062723c751e8b465ee728b)  -> (artifact id: '66a16aa9480ca2fa74dea239cae963d9') in 1.044746 seconds 
  Import took 1.063943 seconds .

========================================================================
Received Import Request.
  Time since last request: 0.002987 seconds.
  path: Assets/3D LowPoly Asset/Booth/New Material.mat
  artifactKey: Guid(d84772aa3c748314bab0fba43b97a328) Importer(815301076,1909f56bfc062723c751e8b465ee728b)
Start importing Assets/3D LowPoly Asset/Booth/New Material.mat using Guid(d84772aa3c748314bab0fba43b97a328) Importer(815301076,1909f56bfc062723c751e8b465ee728b)  -> (artifact id: '36776d48a85b65482f966896785fcd2f') in 0.241436 seconds 
  Import took 0.263196 seconds .

========================================================================
Received Import Request.
  Time since last request: 0.000407 seconds.
  path: Assets/3D LowPoly Asset/Booth/Low Poly Beach Booth Fix.fbx
  artifactKey: Guid(6f4fa137a8fbd0d489152d7acbb5fa36) Importer(815301076,1909f56bfc062723c751e8b465ee728b)
Start importing Assets/3D LowPoly Asset/Booth/Low Poly Beach Booth Fix.fbx using Guid(6f4fa137a8fbd0d489152d7acbb5fa36) Importer(815301076,1909f56bfc062723c751e8b465ee728b)  -> (artifact id: 'e8873057d9205e8b967463b531d35cd8') in 0.494350 seconds 
  Import took 0.504621 seconds .

========================================================================
Received Import Request.
  Time since last request: 691.637612 seconds.
  path: Assets/3D LowPoly Asset/Booth/Meja Low Poly.prefab
  artifactKey: Guid(91ba0471ca41e4749b340b45925c57b2) Importer(815301076,1909f56bfc062723c751e8b465ee728b)
Start importing Assets/3D LowPoly Asset/Booth/Meja Low Poly.prefab using Guid(91ba0471ca41e4749b340b45925c57b2) Importer(815301076,1909f56bfc062723c751e8b465ee728b)  -> (artifact id: 'a9640949862e7f4bef83c5ac20afb9eb') in 0.046175 seconds 
  Import took 0.055926 seconds .

========================================================================
Received Prepare
Registering precompiled user dll's ...
Registered in 0.017516 seconds.
Begin MonoManager ReloadAssembly
Native extension for WindowsStandalone target not found
Native extension for WebGL target not found
Refreshing native plugins compatible for Editor in 1.25 ms, found 2 plugins.
Preloading 0 native plugins for Editor in 0.00 ms.
Mono: successfully reloaded assembly
- Completed reload, in  4.439 seconds
Domain Reload Profiling:
	ReloadAssembly (4447ms)
		BeginReloadAssembly (1128ms)
			ExecutionOrderSort (0ms)
			DisableScriptedObjects (146ms)
			BackupInstance (0ms)
			ReleaseScriptingObjects (0ms)
			CreateAndSetChildDomain (542ms)
		EndReloadAssembly (3084ms)
			LoadAssemblies (404ms)
			RebuildTransferFunctionScriptingTraits (0ms)
			SetupTypeCache (1316ms)
			ReleaseScriptCaches (8ms)
			RebuildScriptCaches (165ms)
			SetupLoadedEditorAssemblies (854ms)
				LogAssemblyErrors (0ms)
				InitializePlatformSupportModulesInManaged (16ms)
				SetLoadedEditorAssemblies (2ms)
				RefreshPlugins (1ms)
				BeforeProcessingInitializeOnLoad (138ms)
				ProcessInitializeOnLoadAttributes (671ms)
				ProcessInitializeOnLoadMethodAttributes (8ms)
				AfterProcessingInitializeOnLoad (17ms)
				EditorAssembliesLoaded (0ms)
			ExecutionOrderSort2 (0ms)
			AwakeInstancesAfterBackupRestoration (17ms)
Platform modules already initialized, skipping
Refreshing native plugins compatible for Editor in 3.34 ms, found 2 plugins.
Preloading 0 native plugins for Editor in 0.00 ms.
Unloading 1480 Unused Serialized files (Serialized files now loaded: 0)
System memory in use before: 85.0 MB.
System memory in use after: 85.1 MB.

Unloading 12 unused Assets to reduce memory usage. Loaded Objects now: 2000.
Total: 10.377400 ms (FindLiveObjects: 0.451300 ms CreateObjectMapping: 0.195500 ms MarkObjects: 9.677200 ms  DeleteObjects: 0.050000 ms)

AssetImportParameters requested are different than current active one (requested -> active):
  custom:framework-win-MediaFoundation: 216162199b28c13a410421893ffa2e32 -> 
  custom:video-decoder-ogg-theora: a1e56fd34408186e4bbccfd4996cb3dc -> 
  custom:container-muxer-webm: aa71ff27fc2769a1b78a27578f13a17b -> 
  custom:container-demuxer-webm: 4f35f7cbe854078d1ac9338744f61a02 -> 
  custom:container-demuxer-ogg: 62fdf1f143b41e24485cea50d1cbac27 -> 
  custom:video-encoder-webm-vp8: eb34c28f22e8b96e1ab97ce403110664 -> 
  custom:video-decoder-webm-vp8: 9c59270c3fd7afecdb556c50c9e8de78 -> 
  custom:audio-decoder-ogg-vorbis: bf7c407c2cedff20999df2af8eb42d56 -> 
  custom:audio-encoder-webm-vorbis: bf7c407c2cedff20999df2af8eb42d56 -> 
========================================================================
Received Import Request.
  Time since last request: 584.548541 seconds.
  path: Assets/3D LowPoly Asset/Booth/Dudukan Foto.fbx
  artifactKey: Guid(aa74c21bb516e134cb4d0f06a198bc8a) Importer(815301076,1909f56bfc062723c751e8b465ee728b)
Start importing Assets/3D LowPoly Asset/Booth/Dudukan Foto.fbx using Guid(aa74c21bb516e134cb4d0f06a198bc8a) Importer(815301076,1909f56bfc062723c751e8b465ee728b)  -> (artifact id: '21cfc029e370448c2a1dd7cac3f9a25e') in 0.332507 seconds 
  Import took 0.339849 seconds .

========================================================================
Received Import Request.
  Time since last request: 165.457575 seconds.
  path: Assets/3D LowPoly Asset/Booth/image.png
  artifactKey: Guid(c6ac274155014f248914d684826b8bb8) Importer(815301076,1909f56bfc062723c751e8b465ee728b)
Start importing Assets/3D LowPoly Asset/Booth/image.png using Guid(c6ac274155014f248914d684826b8bb8) Importer(815301076,1909f56bfc062723c751e8b465ee728b)  -> (artifact id: 'f15fe1011da22e051e71b37e0a10ace4') in 0.178931 seconds 
  Import took 0.185902 seconds .

========================================================================
Received Import Request.
  Time since last request: 13.686872 seconds.
  path: Assets/3D LowPoly Asset/Booth/image.png
  artifactKey: Guid(c6ac274155014f248914d684826b8bb8) Importer(815301076,1909f56bfc062723c751e8b465ee728b)
Start importing Assets/3D LowPoly Asset/Booth/image.png using Guid(c6ac274155014f248914d684826b8bb8) Importer(815301076,1909f56bfc062723c751e8b465ee728b)  -> (artifact id: '6a11fce33608e2b80769f045709d53ca') in 0.100156 seconds 
  Import took 0.122515 seconds .

========================================================================
Received Import Request.
  Time since last request: 251.104594 seconds.
  path: Assets/3D LowPoly Asset/Booth/2-300x300.png
  artifactKey: Guid(7b5fe61009973284aa9247f33c025309) Importer(815301076,1909f56bfc062723c751e8b465ee728b)
Start importing Assets/3D LowPoly Asset/Booth/2-300x300.png using Guid(7b5fe61009973284aa9247f33c025309) Importer(815301076,1909f56bfc062723c751e8b465ee728b)  -> (artifact id: '2e819ddea9da055b285c25fe94764c46') in 0.094893 seconds 
  Import took 0.102788 seconds .

========================================================================
Received Import Request.
  Time since last request: 5.915203 seconds.
  path: Assets/3D LowPoly Asset/Booth/2-300x300.png
  artifactKey: Guid(7b5fe61009973284aa9247f33c025309) Importer(815301076,1909f56bfc062723c751e8b465ee728b)
Start importing Assets/3D LowPoly Asset/Booth/2-300x300.png using Guid(7b5fe61009973284aa9247f33c025309) Importer(815301076,1909f56bfc062723c751e8b465ee728b)  -> (artifact id: '5bc675f736141833dd3937d0f7cd3dfe') in 0.090816 seconds 
  Import took 0.098395 seconds .

========================================================================
Received Prepare
Registering precompiled user dll's ...
Registered in 0.004875 seconds.
Begin MonoManager ReloadAssembly
Native extension for WindowsStandalone target not found
Native extension for WebGL target not found
Refreshing native plugins compatible for Editor in 1.18 ms, found 2 plugins.
Preloading 0 native plugins for Editor in 0.00 ms.
Mono: successfully reloaded assembly
- Completed reload, in  2.075 seconds
Domain Reload Profiling:
	ReloadAssembly (2076ms)
		BeginReloadAssembly (348ms)
			ExecutionOrderSort (0ms)
			DisableScriptedObjects (8ms)
			BackupInstance (0ms)
			ReleaseScriptingObjects (0ms)
			CreateAndSetChildDomain (122ms)
		EndReloadAssembly (1510ms)
			LoadAssemblies (253ms)
			RebuildTransferFunctionScriptingTraits (0ms)
			SetupTypeCache (537ms)
			ReleaseScriptCaches (1ms)
			RebuildScriptCaches (70ms)
			SetupLoadedEditorAssemblies (551ms)
				LogAssemblyErrors (0ms)
				InitializePlatformSupportModulesInManaged (14ms)
				SetLoadedEditorAssemblies (1ms)
				RefreshPlugins (1ms)
				BeforeProcessingInitializeOnLoad (122ms)
				ProcessInitializeOnLoadAttributes (390ms)
				ProcessInitializeOnLoadMethodAttributes (8ms)
				AfterProcessingInitializeOnLoad (13ms)
				EditorAssembliesLoaded (1ms)
			ExecutionOrderSort2 (0ms)
			AwakeInstancesAfterBackupRestoration (12ms)
Platform modules already initialized, skipping
Refreshing native plugins compatible for Editor in 1.00 ms, found 2 plugins.
Preloading 0 native plugins for Editor in 0.00 ms.
Unloading 1480 Unused Serialized files (Serialized files now loaded: 0)
System memory in use before: 85.1 MB.
System memory in use after: 85.2 MB.

Unloading 12 unused Assets to reduce memory usage. Loaded Objects now: 2008.
Total: 5.942800 ms (FindLiveObjects: 0.294500 ms CreateObjectMapping: 0.094800 ms MarkObjects: 5.462100 ms  DeleteObjects: 0.088000 ms)

AssetImportParameters requested are different than current active one (requested -> active):
  custom:framework-win-MediaFoundation: 216162199b28c13a410421893ffa2e32 -> 
  custom:video-decoder-ogg-theora: a1e56fd34408186e4bbccfd4996cb3dc -> 
  custom:container-muxer-webm: aa71ff27fc2769a1b78a27578f13a17b -> 
  custom:container-demuxer-webm: 4f35f7cbe854078d1ac9338744f61a02 -> 
  custom:container-demuxer-ogg: 62fdf1f143b41e24485cea50d1cbac27 -> 
  custom:video-encoder-webm-vp8: eb34c28f22e8b96e1ab97ce403110664 -> 
  custom:video-decoder-webm-vp8: 9c59270c3fd7afecdb556c50c9e8de78 -> 
  custom:audio-decoder-ogg-vorbis: bf7c407c2cedff20999df2af8eb42d56 -> 
  custom:audio-encoder-webm-vorbis: bf7c407c2cedff20999df2af8eb42d56 -> 
AssetImportWorkerClient::OnTransportError - code=2 error=End of file
